<?xml version="1.0" encoding="UTF-8"?>
<testng-results ignored="0" total="1" passed="1" failed="0" skipped="0">
  <reporter-output>
  </reporter-output>
  <suite started-at="2023-09-07T11:27:33 WEST" name="tests.SuiteTest" finished-at="2023-09-07T11:28:00 WEST" duration-ms="27428">
    <groups>
    </groups>
    <test started-at="2023-09-07T11:27:33 WEST" name="Command line test" finished-at="2023-09-07T11:28:00 WEST" duration-ms="27428">
      <class name="tests.SuiteTest">
        <test-method is-config="true" signature="setupDriver()[pri:0, instance:tests.SuiteTest@6497b078]" started-at="2023-09-07T11:27:33 WEST" name="setupDriver" finished-at="2023-09-07T11:27:45 WEST" duration-ms="12511" status="PASS">
          <reporter-output>
          </reporter-output>
        </test-method> <!-- setupDriver -->
        <test-method signature="casTestUn()[pri:1, instance:tests.SuiteTest@6497b078]" started-at="2023-09-07T11:27:45 WEST" name="casTestUn" finished-at="2023-09-07T11:27:55 WEST" duration-ms="9535" status="PASS">
          <reporter-output>
          </reporter-output>
        </test-method> <!-- casTestUn -->
        <test-method is-config="true" signature="closeDriver()[pri:0, instance:tests.SuiteTest@6497b078]" started-at="2023-09-07T11:27:55 WEST" name="closeDriver" finished-at="2023-09-07T11:28:00 WEST" duration-ms="5276" status="PASS">
          <reporter-output>
          </reporter-output>
        </test-method> <!-- closeDriver -->
      </class> <!-- tests.SuiteTest -->
    </test> <!-- Command line test -->
  </suite> <!-- tests.SuiteTest -->
</testng-results>
